X:\GAME DEVELOPMENT\CODE\BLACKICEENGINE\BLACKICEENGINE\DEBUG\BLACKICEENGINE.EXE.INTERMEDIATE.MANIFEST
X:\Game Development\Code\BlackIceEngine\BlackIceEngine\Debug\BlackIceEngine.vcxprojResolveAssemblyReference.cache
X:\Game Development\Code\BlackIceEngine\BlackIceEngine\Debug\BlackIceEngine.write.1.tlog
X:\GAME DEVELOPMENT\CODE\BLACKICEENGINE\BLACKICEENGINE\DEBUG\CAMERA.OBJ
X:\Game Development\Code\BlackIceEngine\BlackIceEngine\Debug\cl.command.1.tlog
X:\Game Development\Code\BlackIceEngine\BlackIceEngine\Debug\CL.read.1.tlog
X:\Game Development\Code\BlackIceEngine\BlackIceEngine\Debug\CL.write.1.tlog
X:\GAME DEVELOPMENT\CODE\BLACKICEENGINE\BLACKICEENGINE\DEBUG\GAME.OBJ
X:\GAME DEVELOPMENT\CODE\BLACKICEENGINE\BLACKICEENGINE\DEBUG\GUI_BUTTON.OBJ
X:\GAME DEVELOPMENT\CODE\BLACKICEENGINE\BLACKICEENGINE\DEBUG\HELPERS.OBJ
X:\GAME DEVELOPMENT\CODE\BLACKICEENGINE\BLACKICEENGINE\DEBUG\INPUTMANAGER.OBJ
X:\Game Development\Code\BlackIceEngine\BlackIceEngine\Debug\link.command.1.tlog
X:\Game Development\Code\BlackIceEngine\BlackIceEngine\Debug\link.read.1.tlog
X:\Game Development\Code\BlackIceEngine\BlackIceEngine\Debug\link.write.1.tlog
X:\GAME DEVELOPMENT\CODE\BLACKICEENGINE\BLACKICEENGINE\DEBUG\MAINAPPLICATION.OBJ
X:\GAME DEVELOPMENT\CODE\BLACKICEENGINE\BLACKICEENGINE\DEBUG\MAINGAME.OBJ
X:\Game Development\Code\BlackIceEngine\BlackIceEngine\Debug\mt.command.1.tlog
X:\Game Development\Code\BlackIceEngine\BlackIceEngine\Debug\mt.read.1.tlog
X:\Game Development\Code\BlackIceEngine\BlackIceEngine\Debug\mt.write.1.tlog
X:\GAME DEVELOPMENT\CODE\BLACKICEENGINE\BLACKICEENGINE\DEBUG\SCREEN.OBJ
X:\GAME DEVELOPMENT\CODE\BLACKICEENGINE\BLACKICEENGINE\DEBUG\SCREENMANAGER.OBJ
X:\GAME DEVELOPMENT\CODE\BLACKICEENGINE\BLACKICEENGINE\DEBUG\TESTSCREEN.OBJ
X:\GAME DEVELOPMENT\CODE\BLACKICEENGINE\BLACKICEENGINE\DEBUG\TEXTURE.OBJ
X:\GAME DEVELOPMENT\CODE\BLACKICEENGINE\BLACKICEENGINE\DEBUG\TIMER.OBJ
X:\Game Development\Code\BlackIceEngine\BlackIceEngine\Debug\vc100.idb
X:\GAME DEVELOPMENT\CODE\BLACKICEENGINE\BLACKICEENGINE\DEBUG\VC100.PDB
X:\GAME DEVELOPMENT\CODE\BLACKICEENGINE\BLACKICEENGINE\DEBUG\VECTOR2F.OBJ
X:\GAME DEVELOPMENT\CODE\BLACKICEENGINE\DEBUG\BLACKICEENGINE.EXE
X:\GAME DEVELOPMENT\CODE\BLACKICEENGINE\DEBUG\BLACKICEENGINE.ILK
X:\GAME DEVELOPMENT\CODE\BLACKICEENGINE\DEBUG\BLACKICEENGINE.PDB
